### SCREENSHOT BEGIN ###
*
### SCREENSHOT END ###
### SCREENSHOT BEGIN ###
helloworld*
### SCREENSHOT END ###
### SCREENSHOT BEGIN ###
helloworl*
### SCREENSHOT END ###
### SCREENSHOT BEGIN ###
helloworl*
### SCREENSHOT END ###
### SCREENSHOT BEGIN ###
hellowor*
### SCREENSHOT END ###
### SCREENSHOT BEGIN ###
hellowor123*
### SCREENSHOT END ###
### SCREENSHOT BEGIN ###
*hellowor123
### SCREENSHOT END ###
### SCREENSHOT BEGIN ###
*hellowor123
### SCREENSHOT END ###
### SCREENSHOT BEGIN ###
h*hellowor123
### SCREENSHOT END ###
### SCREENSHOT BEGIN ###
hhell*owor123
### SCREENSHOT END ###
### SCREENSHOT BEGIN ###
hhel*owor123
### SCREENSHOT END ###
### SCREENSHOT BEGIN ###
hhe*owor123
### SCREENSHOT END ###
