### SCREENSHOT BEGIN ###
helloworld*
### SCREENSHOT END ###
### SCREENSHOT BEGIN ###
helloworld
*
### SCREENSHOT END ###
### SCREENSHOT BEGIN ###
helloworld
abcde*
### SCREENSHOT END ###
### SCREENSHOT BEGIN ###
helloworld
abcd*
### SCREENSHOT END ###
### SCREENSHOT BEGIN ###
hello*world
abcd
### SCREENSHOT END ###
### SCREENSHOT BEGIN ###
hell*world
abcd
### SCREENSHOT END ###
### SCREENSHOT BEGIN ###
hell
*world
abcd
### SCREENSHOT END ###
### SCREENSHOT BEGIN ###
hell

*world
abcd
### SCREENSHOT END ###
### SCREENSHOT BEGIN ###
hell
*world
abcd
### SCREENSHOT END ###
### SCREENSHOT BEGIN ###
hell
1234*world
abcd
### SCREENSHOT END ###
### SCREENSHOT BEGIN ###
hell
1*234world
abcd
### SCREENSHOT END ###
### SCREENSHOT BEGIN ###
hell
1
*234world
abcd
### SCREENSHOT END ###
### SCREENSHOT BEGIN ###
hell
1
THU*234world
abcd
### SCREENSHOT END ###
