### SCREENSHOT BEGIN ###
sf77ghly4mcf1m*q8g991psmc4242q
### SCREENSHOT END ###
### SCREENSHOT BEGIN ###
sf77j*91psmc4242q
### SCREENSHOT END ###
### SCREENSHOT BEGIN ###
sf77j*91psmc4242q
### SCREENSHOT END ###
### SCREENSHOT BEGIN ###
sf77j
*91psmc4242q
### SCREENSHOT END ###
### SCREENSHOT BEGIN ###
sf77j*91psmc4242q
### SCREENSHOT END ###
### SCREENSHOT BEGIN ###
sf77jgo6lnbswjtsu
0l*nf1xgozgkqd91psmc4242q
### SCREENSHOT END ###
### SCREENSHOT BEGIN ###
sf77jgo6lnbswjtsu
0l
ux*36vipzttlpnf1xgozgkqd91psmc4242q
### SCREENSHOT END ###
